#
# There is insufficient memory for the Java Runtime Environment to continue.
# Native memory allocation (malloc) failed to allocate 255392 bytes. Error detail: Chunk::new
# Possible reasons:
#   The system is out of physical RAM or swap space
#   This process is running with CompressedOops enabled, and the Java Heap may be blocking the growth of the native heap
# Possible solutions:
#   Reduce memory load on the system
#   Increase physical memory or swap space
#   Check if swap backing store is full
#   Decrease Java heap size (-Xmx/-Xms)
#   Decrease number of Java threads
#   Decrease Java thread stack sizes (-Xss)
#   Set larger code cache with -XX:ReservedCodeCacheSize=
#   JVM is running with Zero Based Compressed Oops mode in which the Java heap is
#     placed in the first 32GB address space. The Java Heap base address is the
#     maximum limit for the native heap growth. Please use -XX:HeapBaseMinAddress
#     to set the Java Heap base and to place the Java Heap above 32GB virtual address.
# This output file may be truncated or incomplete.
#
#  Out of Memory Error (arena.cpp:150), pid=34780, tid=27064
#
# JRE version: Java(TM) SE Runtime Environment (22.0.2+9) (build 22.0.2+9-70)
# Java VM: Java HotSpot(TM) 64-Bit Server VM (22.0.2+9-70, mixed mode, sharing, tiered, compressed oops, compressed class ptrs, g1 gc, windows-amd64)
# No core dump will be written. Minidumps are not enabled by default on client versions of Windows
#

---------------  S U M M A R Y ------------

Command Line: --module-path=C:\Users\lenovo\Videos\EdutechJava/lib --add-modules=ALL-MODULE-PATH --add-exports=javafx.graphics/com.sun.javafx.application=ALL-UNNAMED --module-path=C:\Users\lenovo\.m2\repository\org\openjfx\javafx-base\20.0.2\javafx-base-20.0.2-win.jar;C:\Users\lenovo\.m2\repository\org\openjfx\javafx-base\20.0.2\javafx-base-20.0.2.jar;C:\Users\lenovo\.m2\repository\org\openjfx\javafx-controls\20.0.2\javafx-controls-20.0.2-win.jar;C:\Users\lenovo\.m2\repository\org\openjfx\javafx-controls\20.0.2\javafx-controls-20.0.2.jar;C:\Users\lenovo\.m2\repository\org\openjfx\javafx-fxml\20.0.2\javafx-fxml-20.0.2-win.jar;C:\Users\lenovo\.m2\repository\org\openjfx\javafx-fxml\20.0.2\javafx-fxml-20.0.2.jar;C:\Users\lenovo\.m2\repository\org\openjfx\javafx-graphics\20.0.2\javafx-graphics-20.0.2-win.jar;C:\Users\lenovo\.m2\repository\org\openjfx\javafx-graphics\20.0.2\javafx-graphics-20.0.2.jar;C:\Users\lenovo\.m2\repository\org\openjfx\javafx-media\20.0.2\javafx-media-20.0.2-win.jar;C:\Users\lenovo\.m2\repository\org\openjfx\javafx-media\20.0.2\javafx-media-20.0.2.jar;C:\Users\lenovo\.m2\repository\org\openjfx\javafx-web\20.0.2\javafx-web-20.0.2-win.jar;C:\Users\lenovo\.m2\repository\org\openjfx\javafx-web\20.0.2\javafx-web-20.0.2.jar --add-modules=javafx.base,javafx.controls,javafx.fxml,javafx.graphics,javafx.media,javafx.web controllers.Home

Host: AMD Ryzen 3 3250U with Radeon Graphics         , 4 cores, 9G,  Windows 11 , 64 bit Build 22621 (10.0.22621.5124)
Time: Mon May  5 22:41:11 2025 Paris, Madrid (heure duild 22621 (10.0.22621.5124) elapsed time: 0.769039 seconds (0d 0h 0m 0s)

---------------  T H R E A D  ---------------

Current thread (0x0000019f3db55290):  JavaThread "C2 CompilerThread0" daemon [_thread_in_native, id=27064, stack(0x0000005821600000,0x0000005821700000) (1024K)]


Current CompileTask:
C2:769  763       4       java.util.zip.ZipFile::getZipEntry (322 bytes)

Stack: [0x0000005821600000,0x0000005821700000]
Native frames: (J=compiled Java code, j=interpreted, Vv=VM code, C=native code)
V  [jvm.dll+0x6e26e9]  (no source info available)
V  [jvm.dll+0x875753]  (no source info available)
V  [jvm.dll+0x877b7e]  (no source info available)
V  [jvm.dll+0x878253]  (no source info available)
V  [jvm.dll+0x27fc86]  (no source info available)
V  [jvm.dll+0xc3d0f]  (no source info available)
V  [jvm.dll+0xc3f6b]  (no source info available)
V  [jvm.dll+0x3bb47c]  (no source info available)
V  [jvm.dll+0x387d4b]  (no source info available)
V  [jvm.dll+0x3871ba]  (no source info available)
V  [jvm.dll+0x2477f8]  (no source info available)
V  [jvm.dll+0x246e9f]  (no source info available)
V  [jvm.dll+0x1c4e80]  (no source info available)
V  [jvm.dll+0x2568f3]  (no source info available)
V  [jvm.dll+0x254baa]  (no source info available)
V  [jvm.dll+0x3f57a6]  (no source info available)
V  [jvm.dll+0x81dc0b]  (no source info available)
V  [jvm.dll+0x6e0d85]  (no source info available)
C  [ucrtbase.dll+0x29333]  (no source info available)
C  [KERNEL32.DLL+0x1259d]  (no source info available)
C  [ntdll.dll+0x5af38]  (no source info available)


---------------  P R O C E S S  ---------------

Threads class SMR info:
_java_thread_list=0x0000019f7f70be10, length=12, elements={
0x0000019f1ef4fa50, 0x0000019f3db46490, 0x0000019f3db473b0, 0x0000019f3db4bf50,
0x0000019f3db4f030, 0x0000019f3db4ff20, 0x0000019f3db50980, 0x0000019f3db55290,
0x0000019f3db5b820, 0x0000019f7f0977d0, 0x0000019f7f2d4980, 0x0000019f7f56b6f0
}

Java Threads: ( => current thread )
  0x0000019f1ef4fa50 JavaThread "main"                              [_thread_blocked, id=3848, stack(0x0000005820800000,0x0000005820900000) (1024K)]
  0x0000019f3db46490 JavaThread "Reference Handler"          daemon [_thread_blocked, id=6052, stack(0x0000005821000000,0x0000005821100000) (1024K)]
  0x0000019f3db473b0 JavaThread "Finalizer"                  daemon [_thread_blocked, id=8980, stack(0x0000005821100000,0x0000005821200000) (1024K)]
  0x0000019f3db4bf50 JavaThread "Signal Dispatcher"          daemon [_thread_blocked, id=11620, stack(0x0000005821200000,0x0000005821300000) (1024K)]
  0x0000019f3db4f030 JavaThread "Attach Listener"            daemon [_thread_blocked, id=30728, stack(0x0000005821300000,0x0000005821400000) (1024K)]
  0x0000019f3db4ff20 JavaThread "Service Thread"             daemon [_thread_blocked, id=31808, stack(0x0000005821400000,0x0000005821500000) (1024K)]
  0x0000019f3db50980 JavaThread "Monitor Deflation Thread"   daemon [_thread_blocked, id=22480, stack(0x0000005821500000,0x0000005821600000) (1024K)]
=>0x0000019f3db55290 JavaThread "C2 CompilerThread0"         daemon [_thread_in_native, id=27064, stack(0x0000005821600000,0x0000005821700000) (1024K)]
  0x0000019f3db5b820 JavaThread "C1 CompilerThread0"         daemon [_thread_blocked, id=22884, stack(0x0000005821700000,0x0000005821800000) (1024K)]
  0x0000019f7f0977d0 JavaThread "Common-Cleaner"             daemon [_thread_blocked, id=32600, stack(0x0000005821800000,0x0000005821900000) (1024K)]
  0x0000019f7f2d4980 JavaThread "Notification Thread"        daemon [_thread_blocked, id=19532, stack(0x0000005821900000,0x0000005821a00000) (1024K)]
  0x0000019f7f56b6f0 JavaThread "QuantumRenderer-0"          daemon [_thread_in_native, id=11412, stack(0x0000005821d00000,0x0000005821e00000) (1024K)]
Total: 12

Other Threads:
  0x0000019f3db278a0 VMThread "VM Thread"                           [id=27716, stack(0x0000005820f00000,0x0000005821000000) (1024K)]
  0x0000019f3db10e90 WatcherThread "VM Periodic Task Thread"        [id=28684, stack(0x0000005820e00000,0x0000005820f00000) (1024K)]
  0x0000019f21215d70 WorkerThread "GC Thread#0"                     [id=34652, stack(0x0000005820900000,0x0000005820a00000) (1024K)]
  0x0000019f7f37d310 WorkerThread "GC Thread#1"                     [id=30028, stack(0x0000005821a00000,0x0000005821b00000) (1024K)]
  0x0000019f7f4b9c10 WorkerThread "GC Thread#2"                     [id=4056, stack(0x0000005821b00000,0x0000005821c00000) (1024K)]
  0x0000019f7f773a10 WorkerThread "GC Thread#3"                     [id=8164, stack(0x0000005821c00000,0x0000005821d00000) (1024K)]
  0x0000019f21220d20 ConcurrentGCThread "G1 Main Marker"            [id=26904, stack(0x0000005820a00000,0x0000005820b00000) (1024K)]
  0x0000019f21221fd0 WorkerThread "G1 Conc#0"                       [id=18968, stack(0x0000005820b00000,0x0000005820c00000) (1024K)]
  0x0000019f3d9e0090 ConcurrentGCThread "G1 Refine#0"               [id=34396, stack(0x0000005820c00000,0x0000005820d00000) (1024K)]
  0x0000019f3d9e0a20 ConcurrentGCThread "G1 Service"                [id=4752, stack(0x0000005820d00000,0x0000005820e00000) (1024K)]
Total: 10

Threads with active compile tasks:
C2 CompilerThread0  875  763       4       java.util.zip.ZipFile::getZipEntry (322 bytes)
Total: 1

VM state: not at safepoint (normal execution)

VM Mutex/Monitor currently owned by a thread: None

Heap address: 0x0000000761e00000, size: 2530 MB, Compressed Oops mode: Zero based, Oop shift amount: 3

CDS archive(s) mapped at: [0x0000019f3e000000-0x0000019f3ec60000-0x0000019f3ec60000), size 12976128, SharedBaseAddress: 0x0000019f3e000000, ArchiveRelocationMode: 1.
Compressed class space mapped at: 0x0000019f3f000000-0x0000019f7f000000, reserved size: 1073741824
Narrow klass base: 0x0000019f3e000000, Narrow klass shift: 0, Narrow klass range: 0x41000000

GC Precious Log:
 CardTable entry size: 512
 Card Set container configuration: InlinePtr #cards 4 size 8 Array Of Cards #cards 16 size 48 Howl #buckets 8 coarsen threshold 3686 Howl Bitmap #cards 512 size 80 coarsen threshold 460 Card regions per heap region 1 cards per card region 4096
 CPUs: 4 total, 4 available
 Memory: 10116M
 Large Page Support: Disabled
 NUMA Support: Disabled
 Compressed Oops: Enabled (Zero based)
 Heap Region Size: 2M
 Heap Min Capacity: 8M
 Heap Initial Capacity: 160M
 Heap Max Capacity: 2530M
 Pre-touch: Disabled
 Parallel Workers: 4
 Concurrent Workers: 1
 Concurrent Refinement Workers: 4
 Periodic GC: Disabled

Heap:
 garbage-first heap   total reserved 2590720K, committed 163840K, used 3900K [0x0000000761e00000, 0x0000000800000000)
  region size 2048K, 3 young (6144K), 1 survivors (2048K)
 Metaspace       used 2573K, committed 2816K, reserved 1114112K
  class space    used 272K, committed 384K, reserved 1048576K

Heap Regions: E=young(eden), S=young(survivor), O=old, HS=humongous(starts), HC=humongous(continues), CS=collection set, F=free, TAMS=top-at-mark-start, PB=parsable bottom
|   0|0x0000000761e00000, 0x0000000761e00000, 0x0000000762000000|  0%| F|  |TAMS 0x0000000761e00000| PB 0x0000000761e00000| Untracked |  0
|   1|0x0000000762000000, 0x0000000762000000, 0x0000000762200000|  0%| F|  |TAMS 0x0000000762000000| PB 0x0000000762000000| Untracked |  0
|   2|0x0000000762200000, 0x0000000762200000, 0x0000000762400000|  0%| F|  |TAMS 0x0000000762200000| PB 0x0000000762200000| Untracked |  0
|   3|0x0000000762400000, 0x0000000762400000, 0x0000000762600000|  0%| F|  |TAMS 0x0000000762400000| PB 0x0000000762400000| Untracked |  0
|   4|0x0000000762600000, 0x0000000762600000, 0x0000000762800000|  0%| F|  |TAMS 0x0000000762600000| PB 0x0000000762600000| Untracked |  0
|   5|0x0000000762800000, 0x0000000762800000, 0x0000000762a00000|  0%| F|  |TAMS 0x0000000762800000| PB 0x0000000762800000| Untracked |  0
|   6|0x0000000762a00000, 0x0000000762a00000, 0x0000000762c00000|  0%| F|  |TAMS 0x0000000762a00000| PB 0x0000000762a00000| Untracked |  0
|   7|0x0000000762c00000, 0x0000000762c00000, 0x0000000762e00000|  0%| F|  |TAMS 0x0000000762c00000| PB 0x0000000762c00000| Untracked |  0
|   8|0x0000000762e00000, 0x0000000762e00000, 0x0000000763000000|  0%| F|  |TAMS 0x0000000762e00000| PB 0x0000000762e00000| Untracked |  0
|   9|0x0000000763000000, 0x0000000763000000, 0x0000000763200000|  0%| F|  |TAMS 0x0000000763000000| PB 0x0000000763000000| Untracked |  0
|  10|0x0000000763200000, 0x0000000763200000, 0x0000000763400000|  0%| F|  |TAMS 0x0000000763200000| PB 0x0000000763200000| Untracked |  0
|  11|0x0000000763400000, 0x0000000763400000, 0x0000000763600000|  0%| F|  |TAMS 0x0000000763400000| PB 0x0000000763400000| Untracked |  0
|  12|0x0000000763600000, 0x0000000763600000, 0x0000000763800000|  0%| F|  |TAMS 0x0000000763600000| PB 0x0000000763600000| Untracked |  0
|  13|0x0000000763800000, 0x0000000763800000, 0x0000000763a00000|  0%| F|  |TAMS 0x0000000763800000| PB 0x0000000763800000| Untracked |  0
|  14|0x0000000763a00000, 0x0000000763a00000, 0x0000000763c00000|  0%| F|  |TAMS 0x0000000763a00000| PB 0x0000000763a00000| Untracked |  0
|  15|0x0000000763c00000, 0x0000000763c00000, 0x0000000763e00000|  0%| F|  |TAMS 0x0000000763c00000| PB 0x0000000763c00000| Untracked |  0
|  16|0x0000000763e00000, 0x0000000763e00000, 0x0000000764000000|  0%| F|  |TAMS 0x0000000763e00000| PB 0x0000000763e00000| Untracked |  0
|  17|0x0000000764000000, 0x0000000764000000, 0x0000000764200000|  0%| F|  |TAMS 0x0000000764000000| PB 0x0000000764000000| Untracked |  0
|  18|0x0000000764200000, 0x0000000764200000, 0x0000000764400000|  0%| F|  |TAMS 0x0000000764200000| PB 0x0000000764200000| Untracked |  0
|  19|0x0000000764400000, 0x0000000764400000, 0x0000000764600000|  0%| F|  |TAMS 0x0000000764400000| PB 0x0000000764400000| Untracked |  0
|  20|0x0000000764600000, 0x0000000764600000, 0x0000000764800000|  0%| F|  |TAMS 0x0000000764600000| PB 0x0000000764600000| Untracked |  0
|  21|0x0000000764800000, 0x0000000764800000, 0x0000000764a00000|  0%| F|  |TAMS 0x0000000764800000| PB 0x0000000764800000| Untracked |  0
|  22|0x0000000764a00000, 0x0000000764a00000, 0x0000000764c00000|  0%| F|  |TAMS 0x0000000764a00000| PB 0x0000000764a00000| Untracked |  0
|  23|0x0000000764c00000, 0x0000000764c00000, 0x0000000764e00000|  0%| F|  |TAMS 0x0000000764c00000| PB 0x0000000764c00000| Untracked |  0
|  24|0x0000000764e00000, 0x0000000764e00000, 0x0000000765000000|  0%| F|  |TAMS 0x0000000764e00000| PB 0x0000000764e00000| Untracked |  0
|  25|0x0000000765000000, 0x0000000765000000, 0x0000000765200000|  0%| F|  |TAMS 0x0000000765000000| PB 0x0000000765000000| Untracked |  0
|  26|0x0000000765200000, 0x0000000765200000, 0x0000000765400000|  0%| F|  |TAMS 0x0000000765200000| PB 0x0000000765200000| Untracked |  0
|  27|0x0000000765400000, 0x0000000765400000, 0x0000000765600000|  0%| F|  |TAMS 0x0000000765400000| PB 0x0000000765400000| Untracked |  0
|  28|0x0000000765600000, 0x0000000765600000, 0x0000000765800000|  0%| F|  |TAMS 0x0000000765600000| PB 0x0000000765600000| Untracked |  0
|  29|0x0000000765800000, 0x0000000765800000, 0x0000000765a00000|  0%| F|  |TAMS 0x0000000765800000| PB 0x0000000765800000| Untracked |  0
|  30|0x0000000765a00000, 0x0000000765a00000, 0x0000000765c00000|  0%| F|  |TAMS 0x0000000765a00000| PB 0x0000000765a00000| Untracked |  0
|  31|0x0000000765c00000, 0x0000000765c00000, 0x0000000765e00000|  0%| F|  |TAMS 0x0000000765c00000| PB 0x0000000765c00000| Untracked |  0
|  32|0x0000000765e00000, 0x0000000765e00000, 0x0000000766000000|  0%| F|  |TAMS 0x0000000765e00000| PB 0x0000000765e00000| Untracked |  0
|  33|0x0000000766000000, 0x0000000766000000, 0x0000000766200000|  0%| F|  |TAMS 0x0000000766000000| PB 0x0000000766000000| Untracked |  0
|  34|0x0000000766200000, 0x0000000766200000, 0x0000000766400000|  0%| F|  |TAMS 0x0000000766200000| PB 0x0000000766200000| Untracked |  0
|  35|0x0000000766400000, 0x0000000766400000, 0x0000000766600000|  0%| F|  |TAMS 0x0000000766400000| PB 0x0000000766400000| Untracked |  0
|  36|0x0000000766600000, 0x0000000766600000, 0x0000000766800000|  0%| F|  |TAMS 0x0000000766600000| PB 0x0000000766600000| Untracked |  0
|  37|0x0000000766800000, 0x0000000766800000, 0x0000000766a00000|  0%| F|  |TAMS 0x0000000766800000| PB 0x0000000766800000| Untracked |  0
|  38|0x0000000766a00000, 0x0000000766a00000, 0x0000000766c00000|  0%| F|  |TAMS 0x0000000766a00000| PB 0x0000000766a00000| Untracked |  0
|  39|0x0000000766c00000, 0x0000000766c00000, 0x0000000766e00000|  0%| F|  |TAMS 0x0000000766c00000| PB 0x0000000766c00000| Untracked |  0
|  40|0x0000000766e00000, 0x0000000766e00000, 0x0000000767000000|  0%| F|  |TAMS 0x0000000766e00000| PB 0x0000000766e00000| Untracked |  0
|  41|0x0000000767000000, 0x0000000767000000, 0x0000000767200000|  0%| F|  |TAMS 0x0000000767000000| PB 0x0000000767000000| Untracked |  0
|  42|0x0000000767200000, 0x0000000767200000, 0x0000000767400000|  0%| F|  |TAMS 0x0000000767200000| PB 0x0000000767200000| Untracked |  0
|  43|0x0000000767400000, 0x0000000767400000, 0x0000000767600000|  0%| F|  |TAMS 0x0000000767400000| PB 0x0000000767400000| Untracked |  0
|  44|0x0000000767600000, 0x0000000767600000, 0x0000000767800000|  0%| F|  |TAMS 0x0000000767600000| PB 0x0000000767600000| Untracked |  0
|  45|0x0000000767800000, 0x0000000767800000, 0x0000000767a00000|  0%| F|  |TAMS 0x0000000767800000| PB 0x0000000767800000| Untracked |  0
|  46|0x0000000767a00000, 0x0000000767a00000, 0x0000000767c00000|  0%| F|  |TAMS 0x0000000767a00000| PB 0x0000000767a00000| Untracked |  0
|  47|0x0000000767c00000, 0x0000000767c00000, 0x0000000767e00000|  0%| F|  |TAMS 0x0000000767c00000| PB 0x0000000767c00000| Untracked |  0
|  48|0x0000000767e00000, 0x0000000767e00000, 0x0000000768000000|  0%| F|  |TAMS 0x0000000767e00000| PB 0x0000000767e00000| Untracked |  0
|  49|0x0000000768000000, 0x0000000768000000, 0x0000000768200000|  0%| F|  |TAMS 0x0000000768000000| PB 0x0000000768000000| Untracked |  0
|  50|0x0000000768200000, 0x0000000768200000, 0x0000000768400000|  0%| F|  |TAMS 0x0000000768200000| PB 0x0000000768200000| Untracked |  0
|  51|0x0000000768400000, 0x0000000768400000, 0x0000000768600000|  0%| F|  |TAMS 0x0000000768400000| PB 0x0000000768400000| Untracked |  0
|  52|0x0000000768600000, 0x0000000768600000, 0x0000000768800000|  0%| F|  |TAMS 0x0000000768600000| PB 0x0000000768600000| Untracked |  0
|  53|0x0000000768800000, 0x0000000768800000, 0x0000000768a00000|  0%| F|  |TAMS 0x0000000768800000| PB 0x0000000768800000| Untracked |  0
|  54|0x0000000768a00000, 0x0000000768a00000, 0x0000000768c00000|  0%| F|  |TAMS 0x0000000768a00000| PB 0x0000000768a00000| Untracked |  0
|  55|0x0000000768c00000, 0x0000000768c00000, 0x0000000768e00000|  0%| F|  |TAMS 0x0000000768c00000| PB 0x0000000768c00000| Untracked |  0
|  56|0x0000000768e00000, 0x0000000768e00000, 0x0000000769000000|  0%| F|  |TAMS 0x0000000768e00000| PB 0x0000000768e00000| Untracked |  0
|  57|0x0000000769000000, 0x0000000769000000, 0x0000000769200000|  0%| F|  |TAMS 0x0000000769000000| PB 0x0000000769000000| Untracked |  0
|  58|0x0000000769200000, 0x0000000769200000, 0x0000000769400000|  0%| F|  |TAMS 0x0000000769200000| PB 0x0000000769200000| Untracked |  0
|  59|0x0000000769400000, 0x0000000769400000, 0x0000000769600000|  0%| F|  |TAMS 0x0000000769400000| PB 0x0000000769400000| Untracked |  0
|  60|0x0000000769600000, 0x0000000769600000, 0x0000000769800000|  0%| F|  |TAMS 0x0000000769600000| PB 0x0000000769600000| Untracked |  0
|  61|0x0000000769800000, 0x0000000769800000, 0x0000000769a00000|  0%| F|  |TAMS 0x0000000769800000| PB 0x0000000769800000| Untracked |  0
|  62|0x0000000769a00000, 0x0000000769a00000, 0x0000000769c00000|  0%| F|  |TAMS 0x0000000769a00000| PB 0x0000000769a00000| Untracked |  0
|  63|0x0000000769c00000, 0x0000000769c00000, 0x0000000769e00000|  0%| F|  |TAMS 0x0000000769c00000| PB 0x0000000769c00000| Untracked |  0
|  64|0x0000000769e00000, 0x0000000769e00000, 0x000000076a000000|  0%| F|  |TAMS 0x0000000769e00000| PB 0x0000000769e00000| Untracked |  0
|  65|0x000000076a000000, 0x000000076a000000, 0x000000076a200000|  0%| F|  |TAMS 0x000000076a000000| PB 0x000000076a000000| Untracked |  0
|  66|0x000000076a200000, 0x000000076a200000, 0x000000076a400000|  0%| F|  |TAMS 0x000000076a200000| PB 0x000000076a200000| Untracked |  0
|  67|0x000000076a400000, 0x000000076a400000, 0x000000076a600000|  0%| F|  |TAMS 0x000000076a400000| PB 0x000000076a400000| Untracked |  0
|  68|0x000000076a600000, 0x000000076a600000, 0x000000076a800000|  0%| F|  |TAMS 0x000000076a600000| PB 0x000000076a600000| Untracked |  0
|  69|0x000000076a800000, 0x000000076a800000, 0x000000076aa00000|  0%| F|  |TAMS 0x000000076a800000| PB 0x000000076a800000| Untracked |  0
|  70|0x000000076aa00000, 0x000000076aa00000, 0x000000076ac00000|  0%| F|  |TAMS 0x000000076aa00000| PB 0x000000076aa00000| Untracked |  0
|  71|0x000000076ac00000, 0x000000076ac00000, 0x000000076ae00000|  0%| F|  |TAMS 0x000000076ac00000| PB 0x000000076ac00000| Untracked |  0
|  72|0x000000076ae00000, 0x000000076afcf288, 0x000000076b000000| 90%| S|CS|TAMS 0x000000076ae00000| PB 0x000000076ae00000| Complete |  0
|  73|0x000000076b000000, 0x000000076b000000, 0x000000076b200000|  0%| F|  |TAMS 0x000000076b000000| PB 0x000000076b000000| Untracked |  0
|  74|0x000000076b200000, 0x000000076b200000, 0x000000076b400000|  0%| F|  |TAMS 0x000000076b200000| PB 0x000000076b200000| Untracked |  0
|  75|0x000000076b400000, 0x000000076b400000, 0x000000076b600000|  0%| F|  |TAMS 0x000000076b400000| PB 0x000000076b400000| Untracked |  0
|  76|0x000000076b600000, 0x000000076b600000, 0x000000076b800000|  0%| F|  |TAMS 0x000000076b600000| PB 0x000000076b600000| Untracked |  0
|  77|0x000000076b800000, 0x000000076b800000, 0x000000076ba00000|  0%| F|  |TAMS 0x000000076b800000| PB 0x000000076b800000| Untracked |  0
|  78|0x000000076ba00000, 0x000000076ba54ce0, 0x000000076bc00000| 16%| E|  |TAMS 0x000000076ba00000| PB 0x000000076ba00000| Complete |  0
|  79|0x000000076bc00000, 0x000000076be00000, 0x000000076be00000|100%| E|CS|TAMS 0x000000076bc00000| PB 0x000000076bc00000| Complete |  0

Card table byte_map: [0x0000019f38a10000,0x0000019f38f10000] _byte_map_base: 0x0000019f34f01000

Marking Bits: (CMBitMap*) 0x0000019f21216480
 Bits: [0x0000019f38f10000, 0x0000019f3b698000)

Polling page: 0x0000019f1f150000

Metaspace:

Usage:
  Non-class:      2.27 MB used.
      Class:    273.09 KB used.
       Both:      2.54 MB used.

Virtual space:
  Non-class space:       64.00 MB reserved,       2.38 MB (  4%) committed,  1 nodes.
      Class space:        1.00 GB reserved,     384.00 KB ( <1%) committed,  1 nodes.
             Both:        1.06 GB reserved,       2.75 MB ( <1%) committed. 

Chunk freelists:
   Non-Class:  11.12 MB
       Class:  15.58 MB
        Both:  26.70 MB

MaxMetaspaceSize: unlimited
CompressedClassSpaceSize: 1.00 GB
Initial GC threshold: 21.00 MB
Current GC threshold: 21.00 MB
CDS: on
 - commit_granule_bytes: 65536.
 - commit_granule_words: 8192.
 - virtual_space_node_default_size: 8388608.
 - enlarge_chunks_in_place: 1.
 - use_allocation_guard: 0.


Internal statistics:

num_allocs_failed_limit: 0.
num_arena_births: 96.
num_arena_deaths: 0.
num_vsnodes_births: 2.
num_vsnodes_deaths: 0.
num_space_committed: 44.
num_space_uncommitted: 0.
num_chunks_returned_to_freelist: 0.
num_chunks_taken_from_freelist: 152.
num_chunk_merges: 0.
num_chunk_splits: 101.
num_chunks_enlarged: 61.
num_inconsistent_stats: 0.

CodeHeap 'non-profiled nmethods': size=120000Kb used=296Kb max_used=296Kb free=119703Kb
 bounds [0x0000019f30fe0000, 0x0000019f31250000, 0x0000019f38510000]
CodeHeap 'profiled nmethods': size=120000Kb used=1273Kb max_used=1273Kb free=118726Kb
 bounds [0x0000019f29510000, 0x0000019f29780000, 0x0000019f30a40000]
CodeHeap 'non-nmethods': size=5760Kb used=1368Kb max_used=1368Kb free=4391Kb
 bounds [0x0000019f30a40000, 0x0000019f30cb0000, 0x0000019f30fe0000]
 total_blobs=1312 nmethods=843 adapters=374
 compilation: enabled
              stopped_count=0, restarted_count=0
 full_count=0

Compilation events (20 events):
Event: 0.712 Thread 0x0000019f3db55290  756 %     4       sun.security.provider.DigestBase::implCompressMultiBlock0 @ 0 (23 bytes)
Event: 0.714 Thread 0x0000019f3db55290 nmethod 756% 0x0000019f31023810 code [0x0000019f310239a0, 0x0000019f31023b98]
Event: 0.718 Thread 0x0000019f3db5b820  757       3       java.lang.StackStreamFactory$FrameBuffer::isEmpty (32 bytes)
Event: 0.718 Thread 0x0000019f3db5b820 nmethod 757 0x0000019f2962a110 code [0x0000019f2962a2a0, 0x0000019f2962a460]
Event: 0.718 Thread 0x0000019f3db5b820  758       3       java.lang.invoke.DirectMethodHandle$Holder::invokeStatic (14 bytes)
Event: 0.718 Thread 0x0000019f3db5b820 nmethod 758 0x0000019f2962a510 code [0x0000019f2962a6e0, 0x0000019f2962abd0]
Event: 0.718 Thread 0x0000019f3db5b820  759       3       java.lang.invoke.DirectMethodHandle$Holder::invokeStatic (17 bytes)
Event: 0.719 Thread 0x0000019f3db5b820 nmethod 759 0x0000019f2962ad10 code [0x0000019f2962aee0, 0x0000019f2962b370]
Event: 0.722 Thread 0x0000019f3db5b820  760       3       sun.security.provider.DigestBase::engineUpdate (176 bytes)
Event: 0.723 Thread 0x0000019f3db5b820 nmethod 760 0x0000019f2962b490 code [0x0000019f2962b6e0, 0x0000019f2962c0f8]
Event: 0.732 Thread 0x0000019f3db55290  761       4       sun.security.provider.DigestBase::implCompressMultiBlock0 (23 bytes)
Event: 0.733 Thread 0x0000019f3db55290 nmethod 761 0x0000019f31023d10 code [0x0000019f31023ea0, 0x0000019f31024028]
Event: 0.747 Thread 0x0000019f3db5b820  762       3       java.lang.System::checkKey (34 bytes)
Event: 0.748 Thread 0x0000019f3db5b820 nmethod 762 0x0000019f2962c410 code [0x0000019f2962c5e0, 0x0000019f2962c990]
Event: 0.753 Thread 0x0000019f3db55290  763       4       java.util.zip.ZipFile::getZipEntry (322 bytes)
Event: 0.760 Thread 0x0000019f3db5b820  764       3       java.util.zip.ZipFile$ZipFileInflaterInputStream::fill (80 bytes)
Event: 0.760 Thread 0x0000019f3db5b820 nmethod 764 0x0000019f2962cb10 code [0x0000019f2962cd00, 0x0000019f2962d098]
Event: 0.760 Thread 0x0000019f3db5b820  765   !   3       java.util.zip.ZipFile$ZipFileInputStream::read (135 bytes)
Event: 0.761 Thread 0x0000019f3db5b820 nmethod 765 0x0000019f2962d210 code [0x0000019f2962d440, 0x0000019f2962dad8]
Event: 0.761 Thread 0x0000019f3db5b820  766   !   3       java.util.zip.ZipFile$Source::readAt (39 bytes)

GC Heap History (1 events):
Event: 0.762 GC heap before
{Heap before GC invocations=0 (full 0):
 garbage-first heap   total reserved 2590720K, committed 163840K, used 12288K [0x0000000761e00000, 0x0000000800000000)
  region size 2048K, 7 young (14336K), 0 survivors (0K)
 Metaspace       used 1847K, committed 1984K, reserved 1114112K
  class space    used 193K, committed 256K, reserved 1048576K
}

Dll operation events (20 events):
Event: 0.621 Loaded shared library C:\Users\lenovo\.openjfx\cache\20.0.2+3\amd64\api-ms-win-crt-convert-l1-1-0.dll
Event: 0.626 Loaded shared library C:\Users\lenovo\.openjfx\cache\20.0.2+3\amd64\api-ms-win-crt-environment-l1-1-0.dll
Event: 0.630 Loaded shared library C:\Users\lenovo\.openjfx\cache\20.0.2+3\amd64\api-ms-win-crt-filesystem-l1-1-0.dll
Event: 0.634 Loaded shared library C:\Users\lenovo\.openjfx\cache\20.0.2+3\amd64\api-ms-win-crt-heap-l1-1-0.dll
Event: 0.638 Loaded shared library C:\Users\lenovo\.openjfx\cache\20.0.2+3\amd64\api-ms-win-crt-locale-l1-1-0.dll
Event: 0.644 Loaded shared library C:\Users\lenovo\.openjfx\cache\20.0.2+3\amd64\api-ms-win-crt-math-l1-1-0.dll
Event: 0.653 Loaded shared library C:\Users\lenovo\.openjfx\cache\20.0.2+3\amd64\api-ms-win-crt-multibyte-l1-1-0.dll
Event: 0.660 Loaded shared library C:\Users\lenovo\.openjfx\cache\20.0.2+3\amd64\api-ms-win-crt-private-l1-1-0.dll
Event: 0.666 Loaded shared library C:\Users\lenovo\.openjfx\cache\20.0.2+3\amd64\api-ms-win-crt-process-l1-1-0.dll
Event: 0.675 Loaded shared library C:\Users\lenovo\.openjfx\cache\20.0.2+3\amd64\api-ms-win-crt-runtime-l1-1-0.dll
Event: 0.681 Loaded shared library C:\Users\lenovo\.openjfx\cache\20.0.2+3\amd64\api-ms-win-crt-stdio-l1-1-0.dll
Event: 0.687 Loaded shared library C:\Users\lenovo\.openjfx\cache\20.0.2+3\amd64\api-ms-win-crt-string-l1-1-0.dll
Event: 0.692 Loaded shared library C:\Users\lenovo\.openjfx\cache\20.0.2+3\amd64\api-ms-win-crt-time-l1-1-0.dll
Event: 0.697 Loaded shared library C:\Users\lenovo\.openjfx\cache\20.0.2+3\amd64\api-ms-win-crt-utility-l1-1-0.dll
Event: 0.717 Loaded shared library C:\Users\lenovo\.openjfx\cache\20.0.2+3\amd64\ucrtbase.dll
Event: 0.724 Loaded shared library C:\Users\lenovo\.openjfx\cache\20.0.2+3\amd64\vcruntime140.dll
Event: 0.729 Loaded shared library C:\Users\lenovo\.openjfx\cache\20.0.2+3\amd64\vcruntime140_1.dll
Event: 0.742 Loaded shared library C:\Users\lenovo\.openjfx\cache\20.0.2+3\amd64\msvcp140.dll
Event: 0.746 Loaded shared library C:\Users\lenovo\.openjfx\cache\20.0.2+3\amd64\msvcp140_1.dll
Event: 0.753 Loaded shared library C:\Users\lenovo\.openjfx\cache\20.0.2+3\amd64\msvcp140_2.dll

Deoptimization events (20 events):
Event: 0.254 Thread 0x0000019f1ef4fa50 DEOPT PACKING pc=0x0000019f29571597 sp=0x00000058208fe3f0
Event: 0.254 Thread 0x0000019f1ef4fa50 DEOPT UNPACKING pc=0x0000019f30a94e42 sp=0x00000058208fd880 mode 0
Event: 0.320 Thread 0x0000019f1ef4fa50 Uncommon trap: trap_request=0xffffff45 fr.pc=0x0000019f30ff8a5c relative=0x00000000000005fc
Event: 0.320 Thread 0x0000019f1ef4fa50 Uncommon trap: reason=unstable_if action=reinterpret pc=0x0000019f30ff8a5c method=java.lang.StringLatin1.newString([BII)Ljava/lang/String; @ 1 c2
Event: 0.320 Thread 0x0000019f1ef4fa50 DEOPT PACKING pc=0x0000019f30ff8a5c sp=0x00000058208fe980
Event: 0.320 Thread 0x0000019f1ef4fa50 DEOPT UNPACKING pc=0x0000019f30a946a2 sp=0x00000058208fe8e0 mode 2
Event: 0.320 Thread 0x0000019f1ef4fa50 Uncommon trap: trap_request=0xffffff45 fr.pc=0x0000019f30ff9b2c relative=0x00000000000004ec
Event: 0.320 Thread 0x0000019f1ef4fa50 Uncommon trap: reason=unstable_if action=reinterpret pc=0x0000019f30ff9b2c method=java.lang.StringLatin1.newString([BII)Ljava/lang/String; @ 1 c2
Event: 0.320 Thread 0x0000019f1ef4fa50 DEOPT PACKING pc=0x0000019f30ff9b2c sp=0x00000058208fe900
Event: 0.320 Thread 0x0000019f1ef4fa50 DEOPT UNPACKING pc=0x0000019f30a946a2 sp=0x00000058208fe8e0 mode 2
Event: 0.332 Thread 0x0000019f1ef4fa50 Uncommon trap: trap_request=0xffffff45 fr.pc=0x0000019f30fe1664 relative=0x00000000000000c4
Event: 0.332 Thread 0x0000019f1ef4fa50 Uncommon trap: reason=unstable_if action=reinterpret pc=0x0000019f30fe1664 method=java.lang.String.isLatin1()Z @ 10 c2
Event: 0.332 Thread 0x0000019f1ef4fa50 DEOPT PACKING pc=0x0000019f30fe1664 sp=0x00000058208fede0
Event: 0.332 Thread 0x0000019f1ef4fa50 DEOPT UNPACKING pc=0x0000019f30a946a2 sp=0x00000058208fed20 mode 2
Event: 0.415 Thread 0x0000019f1ef4fa50 Uncommon trap: trap_request=0xffffff45 fr.pc=0x0000019f30ff40fc relative=0x00000000000006fc
Event: 0.415 Thread 0x0000019f1ef4fa50 Uncommon trap: reason=unstable_if action=reinterpret pc=0x0000019f30ff40fc method=jdk.internal.module.Checks.isJavaIdentifier(Ljava/lang/String;)Z @ 4 c2
Event: 0.415 Thread 0x0000019f1ef4fa50 DEOPT PACKING pc=0x0000019f30ff40fc sp=0x00000058208fe710
Event: 0.415 Thread 0x0000019f1ef4fa50 DEOPT UNPACKING pc=0x0000019f30a946a2 sp=0x00000058208fe6b0 mode 2
Event: 0.722 Thread 0x0000019f1ef4fa50 DEOPT PACKING pc=0x0000019f296143df sp=0x00000058208fe610
Event: 0.722 Thread 0x0000019f1ef4fa50 DEOPT UNPACKING pc=0x0000019f30a94e42 sp=0x00000058208fda30 mode 0

Classes loaded (20 events):
Event: 0.463 Loading class jdk/internal/event/SecurityProviderServiceEvent
Event: 0.463 Loading class jdk/internal/event/Event
Event: 0.463 Loading class jdk/internal/event/Event done
Event: 0.463 Loading class jdk/internal/event/SecurityProviderServiceEvent done
Event: 0.464 Loading class sun/security/provider/MD5
Event: 0.464 Loading class sun/security/provider/DigestBase
Event: 0.464 Loading class sun/security/provider/DigestBase done
Event: 0.464 Loading class sun/security/provider/MD5 done
Event: 0.464 Loading class sun/security/jca/GetInstance$Instance
Event: 0.465 Loading class sun/security/jca/GetInstance$Instance done
Event: 0.465 Loading class java/security/MessageDigest$Delegate
Event: 0.465 Loading class sun/security/util/MessageDigestSpi2
Event: 0.465 Loading class sun/security/util/MessageDigestSpi2 done
Event: 0.465 Loading class java/security/MessageDigest$Delegate done
Event: 0.465 Loading class java/security/MessageDigest$Delegate$CloneableDelegate
Event: 0.465 Loading class java/security/MessageDigest$Delegate$CloneableDelegate done
Event: 0.465 Loading class sun/security/provider/ByteArrayAccess$LE
Event: 0.465 Loading class sun/security/provider/ByteArrayAccess$LE done
Event: 0.469 Loading class sun/security/provider/ByteArrayAccess
Event: 0.469 Loading class sun/security/provider/ByteArrayAccess done

Classes unloaded (0 events):
No events

Classes redefined (0 events):
No events

Internal exceptions (7 events):
Event: 0.286 Thread 0x0000019f1ef4fa50 Exception <a 'java/lang/NoSuchMethodError'{0x000000076b6cc5c8}: 'void java.lang.invoke.DirectMethodHandle$Holder.invokeStatic(java.lang.Object, java.lang.Object, java.lang.Object)'> (0x000000076b6cc5c8) 
thrown [s\open\src\hotspot\share\interpreter\linkResolver.cpp, line 774]
Event: 0.293 Thread 0x0000019f1ef4fa50 Exception <a 'java/lang/NoSuchMethodError'{0x000000076b6dc500}: 'void java.lang.invoke.DirectMethodHandle$Holder.invokeSpecial(java.lang.Object, java.lang.Object, java.lang.Object, java.lang.Object, java.lang.Object)'> (0x000000076b6dc500) 
thrown [s\open\src\hotspot\share\interpreter\linkResolver.cpp, line 774]
Event: 0.302 Thread 0x0000019f1ef4fa50 Exception <a 'java/lang/NoSuchMethodError'{0x000000076b6f1f40}: 'java.lang.Object java.lang.invoke.DirectMethodHandle$Holder.invokeInterface(java.lang.Object, java.lang.Object)'> (0x000000076b6f1f40) 
thrown [s\open\src\hotspot\share\interpreter\linkResolver.cpp, line 774]
Event: 0.303 Thread 0x0000019f1ef4fa50 Exception <a 'java/lang/IncompatibleClassChangeError'{0x000000076b6f51b8}: Found class java.lang.Object, but interface was expected> (0x000000076b6f51b8) 
thrown [s\open\src\hotspot\share\interpreter\linkResolver.cpp, line 841]
Event: 0.304 Thread 0x0000019f1ef4fa50 Exception <a 'java/lang/NoSuchMethodError'{0x000000076b6f7b98}: 'void java.lang.invoke.DirectMethodHandle$Holder.invokeStatic(java.lang.Object, java.lang.Object, java.lang.Object, java.lang.Object)'> (0x000000076b6f7b98) 
thrown [s\open\src\hotspot\share\interpreter\linkResolver.cpp, line 774]
Event: 0.355 Thread 0x0000019f1ef4fa50 Exception <a 'java/lang/NoSuchMethodError'{0x000000076b479948}: 'java.lang.Object java.lang.invoke.Invokers$Holder.invokeExact_MT(java.lang.Object, java.lang.Object, java.lang.Object, java.lang.Object, java.lang.Object, java.lang.Object)'> (0x000000076b479948) 
thrown [s\open\src\hotspot\share\interpreter\linkResolver.cpp, line 774]
Event: 0.357 Thread 0x0000019f1ef4fa50 Exception <a 'java/lang/NoSuchMethodError'{0x000000076b47e5b0}: 'void java.lang.invoke.DirectMethodHandle$Holder.invokeStatic(java.lang.Object, java.lang.Object)'> (0x000000076b47e5b0) 
thrown [s\open\src\hotspot\share\interpreter\linkResolver.cpp, line 774]

ZGC Phase Switch (0 events):
No events

VM Operations (5 events):
Event: 0.212 Executing VM operation: HandshakeAllThreads (Deoptimize)
Event: 0.212 Executing VM operation: HandshakeAllThreads (Deoptimize) done
Event: 0.299 Executing VM operation: HandshakeAllThreads (Deoptimize)
Event: 0.299 Executing VM operation: HandshakeAllThreads (Deoptimize) done
Event: 0.761 Executing VM operation: G1CollectForAllocation (G1 Evacuation Pause)

Memory protections (0 events):
No events

Nmethod flushes (0 events):
No events

Events (11 events):
Event: 0.040 Thread 0x0000019f1ef4fa50 Thread added: 0x0000019f1ef4fa50
Event: 0.060 Thread 0x0000019f1ef4fa50 Thread added: 0x0000019f3db46490
Event: 0.060 Thread 0x0000019f1ef4fa50 Thread added: 0x0000019f3db473b0
Event: 0.061 Thread 0x0000019f1ef4fa50 Thread added: 0x0000019f3db4bf50
Event: 0.061 Thread 0x0000019f1ef4fa50 Thread added: 0x0000019f3db4f030
Event: 0.061 Thread 0x0000019f1ef4fa50 Thread added: 0x0000019f3db4ff20
Event: 0.061 Thread 0x0000019f1ef4fa50 Thread added: 0x0000019f3db50980
Event: 0.061 Thread 0x0000019f1ef4fa50 Thread added: 0x0000019f3db55290
Event: 0.061 Thread 0x0000019f1ef4fa50 Thread added: 0x0000019f3db5b820
Event: 0.159 Thread 0x0000019f1ef4fa50 Thread added: 0x0000019f7f0977d0
Event: 0.332 Thread 0x0000019f1ef4fa50 Thread added: 0x0000019f7f2d4980


Dynamic libraries:
0x00007ff7b7ec0000 - 0x00007ff7b7ed0000 	C:\Program Files\Java\jdk-22\bin\java.exe
0x00007ff9176b0000 - 0x00007ff9178c7000 	C:\WINDOWS\SYSTEM32\ntdll.dll
0x00007ff916360000 - 0x00007ff916424000 	C:\WINDOWS\System32\KERNEL32.DLL
0x00007ff9147f0000 - 0x00007ff914bc3000 	C:\WINDOWS\System32\KERNELBASE.dll
0x00007ff914eb0000 - 0x00007ff914fc1000 	C:\WINDOWS\System32\ucrtbase.dll
0x00007ff90e740000 - 0x00007ff90e75b000 	C:\Program Files\Java\jdk-22\bin\VCRUNTIME140.dll
0x00007ff90e720000 - 0x00007ff90e737000 	C:\Program Files\Java\jdk-22\bin\jli.dll
0x00007ff9173f0000 - 0x00007ff9175a1000 	C:\WINDOWS\System32\USER32.dll
0x00007ff915140000 - 0x00007ff915166000 	C:\WINDOWS\System32\win32u.dll
0x00007ff903d70000 - 0x00007ff904008000 	C:\WINDOWS\WinSxS\amd64_microsoft.windows.common-controls_6595b64144ccf1df_6.0.22621.5124_none_270e8f4f7386d69d\COMCTL32.dll
0x00007ff917340000 - 0x00007ff9173e7000 	C:\WINDOWS\System32\msvcrt.dll
0x00007ff917120000 - 0x00007ff917149000 	C:\WINDOWS\System32\GDI32.dll
0x00007ff914d90000 - 0x00007ff914eab000 	C:\WINDOWS\System32\gdi32full.dll
0x00007ff915170000 - 0x00007ff91520a000 	C:\WINDOWS\System32\msvcp_win.dll
0x00007ff915870000 - 0x00007ff9158a1000 	C:\WINDOWS\System32\IMM32.DLL
0x00007ff90e710000 - 0x00007ff90e71c000 	C:\Program Files\Java\jdk-22\bin\vcruntime140_1.dll
0x00007ff903020000 - 0x00007ff9030ae000 	C:\Program Files\Java\jdk-22\bin\msvcp140.dll
0x00007ff8fbc20000 - 0x00007ff8fc969000 	C:\Program Files\Java\jdk-22\bin\server\jvm.dll
0x00007ff915720000 - 0x00007ff9157d1000 	C:\WINDOWS\System32\ADVAPI32.dll
0x00007ff9175b0000 - 0x00007ff917658000 	C:\WINDOWS\System32\sechost.dll
0x00007ff9147c0000 - 0x00007ff9147e8000 	C:\WINDOWS\System32\bcrypt.dll
0x00007ff916240000 - 0x00007ff916354000 	C:\WINDOWS\System32\RPCRT4.dll
0x00007ff916800000 - 0x00007ff916871000 	C:\WINDOWS\System32\WS2_32.dll
0x00007ff914690000 - 0x00007ff9146dd000 	C:\WINDOWS\SYSTEM32\POWRPROF.dll
0x00007ff90d7e0000 - 0x00007ff90d814000 	C:\WINDOWS\SYSTEM32\WINMM.dll
0x00007ff90ae50000 - 0x00007ff90ae5a000 	C:\WINDOWS\SYSTEM32\VERSION.dll
0x00007ff914670000 - 0x00007ff914683000 	C:\WINDOWS\SYSTEM32\UMPDC.dll
0x00007ff9137f0000 - 0x00007ff913808000 	C:\WINDOWS\SYSTEM32\kernel.appcore.dll
0x00007ff90e700000 - 0x00007ff90e70a000 	C:\Program Files\Java\jdk-22\bin\jimage.dll
0x00007ff90a3c0000 - 0x00007ff90a5f2000 	C:\WINDOWS\SYSTEM32\DBGHELP.DLL
0x00007ff916460000 - 0x00007ff9167f2000 	C:\WINDOWS\System32\combase.dll
0x00007ff917040000 - 0x00007ff917117000 	C:\WINDOWS\System32\OLEAUT32.dll
0x00007ff8ef0a0000 - 0x00007ff8ef0d2000 	C:\WINDOWS\SYSTEM32\dbgcore.DLL
0x00007ff914c90000 - 0x00007ff914d0b000 	C:\WINDOWS\System32\bcryptPrimitives.dll
0x00007ff90e6a0000 - 0x00007ff90e6be000 	C:\Program Files\Java\jdk-22\bin\java.dll
0x00007ff915930000 - 0x00007ff9161c6000 	C:\WINDOWS\System32\SHELL32.dll
0x00007ff915210000 - 0x00007ff91534f000 	C:\WINDOWS\System32\wintypes.dll
0x00007ff915350000 - 0x00007ff9154f1000 	C:\WINDOWS\System32\ole32.dll
0x00007ff9126e0000 - 0x00007ff912ffa000 	C:\WINDOWS\SYSTEM32\windows.storage.dll
0x00007ff9168f0000 - 0x00007ff9169fa000 	C:\WINDOWS\System32\SHCORE.dll
0x00007ff916880000 - 0x00007ff9168e3000 	C:\WINDOWS\System32\shlwapi.dll
0x00007ff9146f0000 - 0x00007ff91471b000 	C:\WINDOWS\SYSTEM32\profapi.dll
0x00007ff902f40000 - 0x00007ff903017000 	C:\Program Files\Java\jdk-22\bin\jsvml.dll
0x00007ff90e690000 - 0x00007ff90e6a0000 	C:\Program Files\Java\jdk-22\bin\net.dll
0x00007ff913c70000 - 0x00007ff913cda000 	C:\WINDOWS\system32\mswsock.dll
0x00007ff90e670000 - 0x00007ff90e686000 	C:\Program Files\Java\jdk-22\bin\nio.dll
0x00007ff90e650000 - 0x00007ff90e667000 	C:\Program Files\Java\jdk-22\bin\zip.dll
0x0000019f1f1c0000 - 0x0000019f1f1c3000 	C:\Users\lenovo\.openjfx\cache\20.0.2+3\amd64\api-ms-win-core-console-l1-1-0.dll
0x0000019f210c0000 - 0x0000019f210c3000 	C:\Users\lenovo\.openjfx\cache\20.0.2+3\amd64\api-ms-win-core-console-l1-2-0.dll
0x0000019f210d0000 - 0x0000019f210d3000 	C:\Users\lenovo\.openjfx\cache\20.0.2+3\amd64\api-ms-win-core-datetime-l1-1-0.dll
0x0000019f210e0000 - 0x0000019f210e3000 	C:\Users\lenovo\.openjfx\cache\20.0.2+3\amd64\api-ms-win-core-debug-l1-1-0.dll
0x0000019f210f0000 - 0x0000019f210f3000 	C:\Users\lenovo\.openjfx\cache\20.0.2+3\amd64\api-ms-win-core-errorhandling-l1-1-0.dll
0x0000019f21100000 - 0x0000019f21104000 	C:\Users\lenovo\.openjfx\cache\20.0.2+3\amd64\api-ms-win-core-file-l1-1-0.dll
0x0000019f21110000 - 0x0000019f21113000 	C:\Users\lenovo\.openjfx\cache\20.0.2+3\amd64\api-ms-win-core-file-l1-2-0.dll
0x0000019f21120000 - 0x0000019f21123000 	C:\Users\lenovo\.openjfx\cache\20.0.2+3\amd64\api-ms-win-core-file-l2-1-0.dll
0x0000019f21130000 - 0x0000019f21133000 	C:\Users\lenovo\.openjfx\cache\20.0.2+3\amd64\api-ms-win-core-handle-l1-1-0.dll
0x0000019f21140000 - 0x0000019f21143000 	C:\Users\lenovo\.openjfx\cache\20.0.2+3\amd64\api-ms-win-core-heap-l1-1-0.dll
0x0000019f21150000 - 0x0000019f21153000 	C:\Users\lenovo\.openjfx\cache\20.0.2+3\amd64\api-ms-win-core-interlocked-l1-1-0.dll
0x0000019f21160000 - 0x0000019f21163000 	C:\Users\lenovo\.openjfx\cache\20.0.2+3\amd64\api-ms-win-core-libraryloader-l1-1-0.dll
0x0000019f21170000 - 0x0000019f21173000 	C:\Users\lenovo\.openjfx\cache\20.0.2+3\amd64\api-ms-win-core-localization-l1-2-0.dll
0x0000019f3dd00000 - 0x0000019f3dd03000 	C:\Users\lenovo\.openjfx\cache\20.0.2+3\amd64\api-ms-win-core-memory-l1-1-0.dll
0x0000019f3dd10000 - 0x0000019f3dd13000 	C:\Users\lenovo\.openjfx\cache\20.0.2+3\amd64\api-ms-win-core-namedpipe-l1-1-0.dll
0x0000019f3dd20000 - 0x0000019f3dd23000 	C:\Users\lenovo\.openjfx\cache\20.0.2+3\amd64\api-ms-win-core-processenvironment-l1-1-0.dll
0x0000019f3dd30000 - 0x0000019f3dd33000 	C:\Users\lenovo\.openjfx\cache\20.0.2+3\amd64\api-ms-win-core-processthreads-l1-1-0.dll
0x0000019f3dd40000 - 0x0000019f3dd43000 	C:\Users\lenovo\.openjfx\cache\20.0.2+3\amd64\api-ms-win-core-processthreads-l1-1-1.dll
0x0000019f3dd50000 - 0x0000019f3dd53000 	C:\Users\lenovo\.openjfx\cache\20.0.2+3\amd64\api-ms-win-core-profile-l1-1-0.dll
0x0000019f3dd60000 - 0x0000019f3dd63000 	C:\Users\lenovo\.openjfx\cache\20.0.2+3\amd64\api-ms-win-core-rtlsupport-l1-1-0.dll
0x0000019f3dd70000 - 0x0000019f3dd73000 	C:\Users\lenovo\.openjfx\cache\20.0.2+3\amd64\api-ms-win-core-string-l1-1-0.dll
0x0000019f3dd80000 - 0x0000019f3dd83000 	C:\Users\lenovo\.openjfx\cache\20.0.2+3\amd64\api-ms-win-core-synch-l1-1-0.dll
0x0000019f3dd90000 - 0x0000019f3dd93000 	C:\Users\lenovo\.openjfx\cache\20.0.2+3\amd64\api-ms-win-core-synch-l1-2-0.dll
0x0000019f3dda0000 - 0x0000019f3dda3000 	C:\Users\lenovo\.openjfx\cache\20.0.2+3\amd64\api-ms-win-core-sysinfo-l1-1-0.dll
0x0000019f3ddb0000 - 0x0000019f3ddb3000 	C:\Users\lenovo\.openjfx\cache\20.0.2+3\amd64\api-ms-win-core-timezone-l1-1-0.dll
0x0000019f3ddc0000 - 0x0000019f3ddc3000 	C:\Users\lenovo\.openjfx\cache\20.0.2+3\amd64\api-ms-win-core-util-l1-1-0.dll
0x0000019f3ddd0000 - 0x0000019f3ddd3000 	C:\Users\lenovo\.openjfx\cache\20.0.2+3\amd64\api-ms-win-crt-conio-l1-1-0.dll
0x0000019f3dde0000 - 0x0000019f3dde4000 	C:\Users\lenovo\.openjfx\cache\20.0.2+3\amd64\api-ms-win-crt-convert-l1-1-0.dll
0x0000019f3ddf0000 - 0x0000019f3ddf3000 	C:\Users\lenovo\.openjfx\cache\20.0.2+3\amd64\api-ms-win-crt-environment-l1-1-0.dll
0x0000019f3de00000 - 0x0000019f3de03000 	C:\Users\lenovo\.openjfx\cache\20.0.2+3\amd64\api-ms-win-crt-filesystem-l1-1-0.dll
0x0000019f3de10000 - 0x0000019f3de13000 	C:\Users\lenovo\.openjfx\cache\20.0.2+3\amd64\api-ms-win-crt-heap-l1-1-0.dll
0x0000019f3de20000 - 0x0000019f3de23000 	C:\Users\lenovo\.openjfx\cache\20.0.2+3\amd64\api-ms-win-crt-locale-l1-1-0.dll
0x0000019f3de30000 - 0x0000019f3de35000 	C:\Users\lenovo\.openjfx\cache\20.0.2+3\amd64\api-ms-win-crt-math-l1-1-0.dll
0x0000019f3de40000 - 0x0000019f3de45000 	C:\Users\lenovo\.openjfx\cache\20.0.2+3\amd64\api-ms-win-crt-multibyte-l1-1-0.dll
0x0000019f3de50000 - 0x0000019f3de60000 	C:\Users\lenovo\.openjfx\cache\20.0.2+3\amd64\api-ms-win-crt-private-l1-1-0.dll
0x0000019f3de60000 - 0x0000019f3de63000 	C:\Users\lenovo\.openjfx\cache\20.0.2+3\amd64\api-ms-win-crt-process-l1-1-0.dll
0x0000019f3de70000 - 0x0000019f3de74000 	C:\Users\lenovo\.openjfx\cache\20.0.2+3\amd64\api-ms-win-crt-runtime-l1-1-0.dll
0x0000019f3de80000 - 0x0000019f3de84000 	C:\Users\lenovo\.openjfx\cache\20.0.2+3\amd64\api-ms-win-crt-stdio-l1-1-0.dll
0x0000019f3de90000 - 0x0000019f3de94000 	C:\Users\lenovo\.openjfx\cache\20.0.2+3\amd64\api-ms-win-crt-string-l1-1-0.dll
0x0000019f3dea0000 - 0x0000019f3dea3000 	C:\Users\lenovo\.openjfx\cache\20.0.2+3\amd64\api-ms-win-crt-time-l1-1-0.dll
0x0000019f3deb0000 - 0x0000019f3deb3000 	C:\Users\lenovo\.openjfx\cache\20.0.2+3\amd64\api-ms-win-crt-utility-l1-1-0.dll
0x00007ff8ffe00000 - 0x00007ff8ffefc000 	C:\Users\lenovo\.openjfx\cache\20.0.2+3\amd64\ucrtbase.dll
0x00007ff90cad0000 - 0x00007ff90caeb000 	C:\Users\lenovo\.openjfx\cache\20.0.2+3\amd64\vcruntime140.dll
0x00007ff90cac0000 - 0x00007ff90cacc000 	C:\Users\lenovo\.openjfx\cache\20.0.2+3\amd64\vcruntime140_1.dll
0x00007ff900020000 - 0x00007ff9000ae000 	C:\Users\lenovo\.openjfx\cache\20.0.2+3\amd64\msvcp140.dll
0x00007ff902f30000 - 0x00007ff902f39000 	C:\Users\lenovo\.openjfx\cache\20.0.2+3\amd64\msvcp140_1.dll
0x00007ff8ffff0000 - 0x00007ff900020000 	C:\Users\lenovo\.openjfx\cache\20.0.2+3\amd64\msvcp140_2.dll
0x00007ff8ffdd0000 - 0x00007ff8ffdff000 	C:\Users\lenovo\.openjfx\cache\20.0.2+3\amd64\prism_d3d.dll
0x00007ff8fcd10000 - 0x00007ff8fcd23000 	C:\Users\lenovo\.openjfx\cache\20.0.2+3\amd64\prism_sw.dll

dbghelp: loaded successfully - version: 4.0.5 - missing functions: none
symbol engine: initialized successfully - sym options: 0x614 - pdb path: .;C:\Program Files\Java\jdk-22\bin;C:\WINDOWS\SYSTEM32;C:\WINDOWS\WinSxS\amd64_microsoft.windows.common-controls_6595b64144ccf1df_6.0.22621.5124_none_270e8f4f7386d69d;C:\Program Files\Java\jdk-22\bin\server;C:\Users\lenovo\.openjfx\cache\20.0.2+3\amd64

VM Arguments:
jvm_args: --module-path=C:\Users\lenovo\Videos\EdutechJava/lib --add-modules=ALL-MODULE-PATH --add-exports=javafx.graphics/com.sun.javafx.application=ALL-UNNAMED --module-path=C:\Users\lenovo\.m2\repository\org\openjfx\javafx-base\20.0.2\javafx-base-20.0.2-win.jar;C:\Users\lenovo\.m2\repository\org\openjfx\javafx-base\20.0.2\javafx-base-20.0.2.jar;C:\Users\lenovo\.m2\repository\org\openjfx\javafx-controls\20.0.2\javafx-controls-20.0.2-win.jar;C:\Users\lenovo\.m2\repository\org\openjfx\javafx-controls\20.0.2\javafx-controls-20.0.2.jar;C:\Users\lenovo\.m2\repository\org\openjfx\javafx-fxml\20.0.2\javafx-fxml-20.0.2-win.jar;C:\Users\lenovo\.m2\repository\org\openjfx\javafx-fxml\20.0.2\javafx-fxml-20.0.2.jar;C:\Users\lenovo\.m2\repository\org\openjfx\javafx-graphics\20.0.2\javafx-graphics-20.0.2-win.jar;C:\Users\lenovo\.m2\repository\org\openjfx\javafx-graphics\20.0.2\javafx-graphics-20.0.2.jar;C:\Users\lenovo\.m2\repository\org\openjfx\javafx-media\20.0.2\javafx-media-20.0.2-win.jar;C:\Users\lenovo\.m2\repository\org\openjfx\javafx-media\20.0.2\javafx-media-20.0.2.jar;C:\Users\lenovo\.m2\repository\org\openjfx\javafx-web\20.0.2\javafx-web-20.0.2-win.jar;C:\Users\lenovo\.m2\repository\org\openjfx\javafx-web\20.0.2\javafx-web-20.0.2.jar --add-modules=javafx.base,javafx.controls,javafx.fxml,javafx.graphics,javafx.media,javafx.web 
java_command: controllers.Home
java_class_path (initial): C:\Users\lenovo\Videos\EdutechJava\target\classes;C:\Users\lenovo\.m2\repository\com\calendarfx\view\11.12.0\view-11.12.0.jar;C:\Users\lenovo\.m2\repository\com\google\api-client\google-api-client\2.2.0\google-api-client-2.2.0.jar;C:\Users\lenovo\.m2\repository\com\google\apis\google-api-services-calendar\v3-rev20220715-2.0.0\google-api-services-calendar-v3-rev20220715-2.0.0.jar;C:\Users\lenovo\.m2\repository\com\google\code\findbugs\jsr305\3.0.2\jsr305-3.0.2.jar;C:\Users\lenovo\.m2\repository\com\google\code\gson\gson\2.10.1\gson-2.10.1.jar;C:\Users\lenovo\.m2\repository\com\google\errorprone\error_prone_annotations\2.11.0\error_prone_annotations-2.11.0.jar;C:\Users\lenovo\.m2\repository\com\google\guava\failureaccess\1.0.1\failureaccess-1.0.1.jar;C:\Users\lenovo\.m2\repository\com\google\guava\guava\31.1-jre\guava-31.1-jre.jar;C:\Users\lenovo\.m2\repository\com\google\guava\listenablefuture\9999.0-empty-to-avoid-conflict-with-guava\listenablefuture-9999.0-empty-to-avoid-conflict-with-guava.jar;C:\Users\lenovo\.m2\repository\com\google\http-client\google-http-client\1.42.3\google-http-client-1.42.3.jar;C:\Users\lenovo\.m2\repository\com\google\http-client\google-http-client-apache-v2\1.42.3\google-http-client-apache-v2-1.42.3.jar;C:\Users\lenovo\.m2\repository\com\google\http-client\google-http-client-gson\1.42.3\google-http-client-gson-1.42.3.jar;C:\Users\lenovo\.m2\repository\com\google\j2objc\j2objc-annotations\1.3\j2objc-annotations-1.3.jar;C:\Users\lenovo\.m2\repository\com\google\oauth-client\google-oauth-client\1.34.1\google-oauth-client-1.34.1.jar;C:\Users\lenovo\.m2\repository\com\google\oauth-client\google-oauth-client-java6\1.34.1\google-oauth-client-java6-1.34.1.jar;C:\Users\lenovo\.m2\repository\com\google\oauth-client\google-oauth-client-jetty\1.34.1\google-oauth-client-jetty-1.34.1.jar;C:\Users\lenovo\.m2\repository\com\google\protobuf\protobuf-java\3.11.4\protobuf-java-3.11.4.jar;C:\Users\lenovo\.m2\repository\com\sparkjava\spark-core\2.9.4\spark-core-2.9.4.jar;C:\Users\lenovo\.m2\repository\com\sun\activation\jakarta.activation\2.0.1\jakarta.activation-2.0.1.jar;C:\Users\lenovo\.m2\repository\com\sun\mail\jakarta.mail\2.0.1\jakarta.mail-2.0.1.jar;C:\Users\lenovo\.m2\repository\com\sun\mail\javax.mail\1.6.2\javax.mail-1.6.2.jar;C:\Users\lenovo\.m2\repository\commons-beanutils\commons-beanutils\1.9.4\commons-beanutils-1.9.4.jar;C:\Users\lenovo\.m2\repository\commons-codec\commons-codec\1.11\commons-codec-1.11.jar;C:\Users\lenovo\.m2\repository\commons-collections\commons-collections\3.2.2\commons-collections-3.2.2.jar;C:\Users\lenovo\.m2\repository\commons-digester\commons-digester\2.1\commons-digester-2.1.jar;C:\Users\lenovo\.m2\repository\commons-logging\commons-logging\1.2\commons-logging-1.2.jar;C:\Users\lenovo\.m2\repository\commons-validator\commons-validator\1.7\commons-validator-1.7.jar;C:\Users\lenovo\.m2\repository\de\jensd\fontawesomefx\8.9\fontawesomefx-8.9.jar;C:\Users\lenovo\.m2\repository\io\grpc\grpc-context\1.27.2\grpc-context-1.27.2.jar;C:\Users\lenovo\.m2\repository\io\opencensus\opencensus-api\0.31.1\opencensus-api-0.31.1.jar;C:\Users\lenovo\.m2\repository\io\opencensus\opencensus-contrib-http-util\0.31.1\opencensus-contrib-http-util-0.31.1.jar;C:\Users\lenovo\.m2\repository\jakarta\activation\jakarta.activation-api\2.1.2\jakarta.activation-api-2.1.2.jar;C:\Users\lenovo\.m2\repository\javax\activation\activation\1.1\activation-1.1.jar;C:\Users\lenovo\.m2\repository\javax\servlet\javax.servlet-api\3.1.0\javax.servlet-api-3.1.0.jar;C:\Users\lenovo\.m2\repository\mysql\mysql-connector-java\8.0.26\mysql-connector-java-8.0.26.jar;C:\Users\lenovo\.m2\repository\org\apache\commons\commons-collections4\4.4\commons-collections4-4.4.jar;C:\Users\lenovo\.m2\repository\org\apache\commons\commons-lang3\3.12.0\commons-lang3-3.12.0.jar;C:\Users\lenovo\.m2\repository\org\apache\httpcomponents\httpclient\4.5.14\httpclient-4.5.14.jar;C:\Users\lenovo\.m2\repository\org\apache\httpcomponents\httpcore\4.4.16\httpcore-4.4.16.jar;C:\Users\lenovo\.m2\repository\org\checkerframework\checker-qual\3.12.0\checker-qual-3.12.0.jar;C:\Users\lenovo\.m2\repository\org\controlsfx\controlsfx\11.1.2\controlsfx-11.1.2.jar;C:\Users\lenovo\.m2\repository\org\eclipse\jetty\jetty-client\9.4.48.v20220622\jetty-client-9.4.48.v20220622.jar;C:\Users\lenovo\.m2\repository\org\eclipse\jetty\jetty-http\9.4.48.v20220622\jetty-http-9.4.48.v20220622.jar;C:\Users\lenovo\.m2\repository\org\eclipse\jetty\jetty-io\9.4.48.v20220622\jetty-io-9.4.48.v20220622.jar;C:\Users\lenovo\.m2\repository\org\eclipse\jetty\jetty-security\9.4.48.v20220622\jetty-security-9.4.48.v20220622.jar;C:\Users\lenovo\.m2\repository\org\eclipse\jetty\jetty-server\9.4.48.v20220622\jetty-server-9.4.48.v20220622.jar;C:\Users\lenovo\.m2\repository\org\eclipse\jetty\jetty-servlet\9.4.48.v20220622\jetty-servlet-9.4.48.v20220622.jar;C:\Users\lenovo\.m2\repository\org\eclipse\jetty\jetty-util\9.4.48.v20220622\jetty-util-9.4.48.v20220622.jar;C:\Users\lenovo\.m2\repository\org\eclipse\jetty\jetty-util-ajax\9.4.48.v20220622\jetty-util-ajax-9.4.48.v20220622.jar;C:\Users\lenovo\.m2\repository\org\eclipse\jetty\jetty-webapp\9.4.48.v20220622\jetty-webapp-9.4.48.v20220622.jar;C:\Users\lenovo\.m2\repository\org\eclipse\jetty\jetty-xml\9.4.48.v20220622\jetty-xml-9.4.48.v20220622.jar;C:\Users\lenovo\.m2\repository\org\eclipse\jetty\websocket\websocket-api\9.4.48.v20220622\websocket-api-9.4.48.v20220622.jar;C:\Users\lenovo\.m2\repository\org\eclipse\jetty\websocket\websocket-client\9.4.48.v20220622\websocket-client-9.4.48.v20220622.jar;C:\Users\lenovo\.m2\repository\org\eclipse\jetty\websocket\websocket-common\9.4.48.v20220622\websocket-common-9.4.48.v20220622.jar;C:\Users\lenovo\.m2\repository\org\eclipse\jetty\websocket\websocket-server\9.4.48.v20220622\websocket-server-9.4.48.v20220622.jar;C:\Users\lenovo\.m2\repository\org\eclipse\jetty\websocket\websocket-servlet\9.4.48.v20220622\websocket-servlet-9.4.48.v20220622.jar;C:\Users\lenovo\.m2\repository\org\json\json\20240303\json-20240303.jar;C:\Users\lenovo\.m2\repository\org\kordamp\ikonli\ikonli-core\12.3.1\ikonli-core-12.3.1.jar;C:\Users\lenovo\.m2\repository\org\kordamp\ikonli\ikonli-fontawesome-pack\12.3.1\ikonli-fontawesome-pack-12.3.1.jar;C:\Users\lenovo\.m2\repository\org\kordamp\ikonli\ikonli-javafx\12.3.1\ikonli-javafx-12.3.1.jar;C:\Users\lenovo\.m2\repository\org\mnode\ical4j\ical4j\4.0.0-beta2\ical4j-4.0.0-beta2.jar;C:\Users\lenovo\.m2\repository\org\slf4j\slf4j-api\1.7.25\slf4j-api-1.7.25.jar;C:\Users\lenovo\.m2\repository\org\slf4j\slf4j-simple\2.0.13\slf4j-simple-2.0.13.jar;C:\Users\lenovo\.m2\repository\org\threeten\threeten-extra\1.7.0\threeten-extra-1.7.0.jar
Launcher Type: SUN_STANDARD

[Global flags]
     intx CICompilerCount                          = 3                                         {product} {ergonomic}
     uint ConcGCThreads                            = 1                                         {product} {ergonomic}
     uint G1ConcRefinementThreads                  = 4                                         {product} {ergonomic}
   size_t G1HeapRegionSize                         = 2097152                                   {product} {ergonomic}
   size_t InitialHeapSize                          = 167772160                                 {product} {ergonomic}
   size_t MarkStackSize                            = 4194304                                   {product} {ergonomic}
   size_t MaxHeapSize                              = 2652897280                                {product} {ergonomic}
   size_t MaxNewSize                               = 1591738368                                {product} {ergonomic}
   size_t MinHeapDeltaBytes                        = 2097152                                   {product} {ergonomic}
   size_t MinHeapSize                              = 8388608                                   {product} {ergonomic}
    uintx NonNMethodCodeHeapSize                   = 5832780                                {pd product} {ergonomic}
    uintx NonProfiledCodeHeapSize                  = 122912730                              {pd product} {ergonomic}
    uintx ProfiledCodeHeapSize                     = 122912730                              {pd product} {ergonomic}
    uintx ReservedCodeCacheSize                    = 251658240                              {pd product} {ergonomic}
     bool SegmentedCodeCache                       = true                                      {product} {ergonomic}
   size_t SoftMaxHeapSize                          = 2652897280                             {manageable} {ergonomic}
     bool UseCompressedOops                        = true                           {product lp64_product} {ergonomic}
     bool UseG1GC                                  = true                                      {product} {ergonomic}
     bool UseLargePagesIndividualAllocation        = false                                  {pd product} {ergonomic}

Logging:
Log output configuration:
 #0: stdout all=warning uptime,level,tags foldmultilines=false
 #1: stderr all=off uptime,level,tags foldmultilines=false

Environment Variables:
PATH=C:\Program Files\Common Files\Oracle\Java\javapath;C:\Program Files (x86)\Common Files\Oracle\Java\java8path;C:\Program Files (x86)\Common Files\Oracle\Java\javapath;C:\oraclexe\app\oracle\product\11.2.0\server\bin;C:\Program Files (x86)\Common Files\Intel\Shared Libraries\redist\intel64\compiler;C:\Windows\system32;C:\Windows;C:\Windows\System32\Wbem;C:\Windows\System32\WindowsPowerShell\v1.0\;C:\Windows\System32\OpenSSH\;C:\Program Files\dotnet\;C:\Program Files (x86)\HI-TECH Software\PICC\LITE\9.60\bin;C:\Program Files\Git\cmd;C:\instantclient_12_2;C:\oraclexe\app\oracle\admin\XE;C:\oraclexe;C:\WINDOWS\system32;C:\WINDOWS;C:\WINDOWS\System32\Wbem;C:\WINDOWS\System32\WindowsPowerShell\v1.0\;C:\WINDOWS\System32\OpenSSH\;C:\xampp\php;C:\composer;C:\Program Files\Java\jdk-22\bin;C:\xampp\phpMyAdmin\vendor\symfony;C:\Program Files\nodejs\;C:\ProgramData\chocolatey\bin;C:\Program Files\nodejs\;C:\Users\lenovo\anaconda3;C:\Users\lenovo\anaconda3\Library\mingw-w64\bin;C:\Users\lenovo\anaconda3\Library\usr\bin;C:\Users\lenovo\anaconda3\Library\bin;C:\Users\lenovo\anaconda3\Scripts;C:\Users\lenovo\scoop\shims;C:\Users\lenovo\AppData\Local\Programs\Python\Python310-32\Scripts\;C:\Users\lenovo\AppData\Local\Programs\Python\Python310-32\;C:\Users\lenovo\AppData\Local\Microsoft\WindowsApps;C:\Users\lenovo\AppData\Local\Programs\Microsoft VS Code\bin;C:\Program Files\JetBrains\PyCharm 2023.3.2\bin;;C:\Users\lenovo\AppData\Roaming\Composer\vendor\bin;C:\Users\lenovo\AppData\Roaming\npm;C:\Users\lenovo\AppData\Local\Programs\cursor\resources\app\bin
USERNAME=lenovo
OS=Windows_NT
PROCESSOR_IDENTIFIER=AMD64 Family 23 Model 24 Stepping 1, AuthenticAMD
TMP=C:\Users\lenovo\AppData\Local\Temp
TEMP=C:\Users\lenovo\AppData\Local\Temp




Periodic native trim disabled

---------------  S Y S T E M  ---------------

OS:
 Windows 11 , 64 bit Build 22621 (10.0.22621.5124)
OS uptime: 9 days 6:54 hours

CPU: total 4 (initial active 4) (4 cores per cpu, 2 threads per core) family 23 model 24 stepping 1 microcode 0x0, cx8, cmov, fxsr, ht, mmx, 3dnowpref, sse, sse2, sse3, ssse3, sse4a, sse4.1, sse4.2, popcnt, lzcnt, tsc, tscinvbit, avx, avx2, aes, clmul, bmi1, bmi2, adx, sha, fma, vzeroupper, clflush, clflushopt, rdtscp, f16c
Processor Information for all 4 processors :
  Max Mhz: 2600, Current Mhz: 2600, Mhz Limit: 2600

Memory: 4k page, system-wide physical 10116M (286M free)
TotalPageFile size 40836M (AvailPageFile size 2M)
current process WorkingSet (physical memory assigned to process): 65M, peak: 65M
current process commit charge ("private bytes"): 243M, peak: 243M

vm_info: Java HotSpot(TM) 64-Bit Server VM (22.0.2+9-70) for windows-amd64 JRE (22.0.2+9-70), built on 2024-06-04T16:52:23Z by "mach5one" with MS VC++ 17.6 (VS2022)

END.
